[07Dec2024 00:00:49.308] [Server thread/INFO] [net.minecraft.server.MinecraftServer/]: ItsGOJIRA has made the advancement [What a Deal!]
[07Dec2024 00:01:16.590] [Server thread/INFO] [net.minecraft.server.MinecraftServer/]: NAHU_1234 was shot by Skeleton
[07Dec2024 00:03:20.339] [Server thread/INFO] [net.minecraft.server.MinecraftServer/]: ItsGOJIRA was slain by Man From The Fog
[07Dec2024 00:04:01.617] [Server thread/INFO] [net.minecraft.server.MinecraftServer/]: NAHU_1234 has made the advancement [Basic Tinkering (Tetra)]
[07Dec2024 00:04:57.856] [Server thread/INFO] [net.minecraft.world.entity.npc.Villager/]: Villager Villager['Villager'/106922, l='ServerLevel[world]', x=945.09, y=75.00, z=54.90] died, message: 'Villager was slain by Mirianisabel123'
[07Dec2024 00:06:33.342] [Server thread/INFO] [net.minecraft.server.MinecraftServer/]: [Not Secure] <NAHU_1234> t/summon herobrine.fog
[07Dec2024 00:06:45.589] [Server thread/INFO] [net.minecraft.server.MinecraftServer/]: [Alunnaki: Summoned new Man From The Fog]
[07Dec2024 00:06:46.433] [Server thread/INFO] [net.minecraft.server.MinecraftServer/]: Alunnaki has made the advancement [Surge Protector]
[07Dec2024 00:06:46.433] [Server thread/INFO] [net.minecraft.server.MinecraftServer/]: MauricioX1 has made the advancement [Surge Protector]
[07Dec2024 00:06:51.538] [Server thread/INFO] [net.minecraft.server.MinecraftServer/]: [Alunnaki: Summoned new Man From The Fog]
[07Dec2024 00:09:10.041] [Server thread/INFO] [net.minecraft.server.MinecraftServer/]: [Alunnaki: Set own game mode to Spectator Mode]
[07Dec2024 00:09:12.993] [Server thread/INFO] [net.minecraft.server.MinecraftServer/]: NAHU_1234 has made the advancement [A Seedy Place]
[07Dec2024 00:09:16.643] [Server thread/INFO] [net.minecraft.server.MinecraftServer/]: [Alunnaki: Teleported Alunnaki to Mirianisabel123]
[07Dec2024 00:09:28.287] [Server thread/INFO] [net.minecraft.server.MinecraftServer/]: [Alunnaki: Summoned new Man From The Fog]
[07Dec2024 00:10:00.058] [Server thread/INFO] [net.minecraft.server.MinecraftServer/]: MauricioX1 has made the advancement [Chompy]
[07Dec2024 00:10:02.942] [Server thread/INFO] [net.minecraft.server.MinecraftServer/]: NAHU_1234 has made the advancement [Chompy]
[07Dec2024 00:10:31.037] [Server thread/INFO] [net.minecraft.server.MinecraftServer/]: ItsGOJIRA was burnt to a crisp whilst fighting Zombie
[07Dec2024 00:11:03.221] [Server thread/INFO] [net.minecraft.server.MinecraftServer/]: MauricioX1 has made the advancement [When in Rome]
[07Dec2024 00:11:04.219] [Server thread/INFO] [net.minecraft.server.MinecraftServer/]: NAHU_1234 has made the advancement [When in Rome]
[07Dec2024 00:11:31.945] [Server thread/INFO] [net.minecraft.server.MinecraftServer/]: [Alunnaki: Teleported Alunnaki to 0.500000, 79.050669, 50.891592]
[07Dec2024 00:11:45.941] [Server thread/INFO] [net.minecraft.server.MinecraftServer/]: [Alunnaki: Teleported Alunnaki to Mirianisabel123]
[07Dec2024 00:12:36.428] [Server thread/WARN] [net.minecraft.server.network.ServerGamePacketListenerImpl/]: Alunnaki moved too quickly! -3.0739629168099327,0.0,10.156274641511228
[07Dec2024 00:12:42.741] [Server thread/INFO] [net.minecraft.server.network.ServerGamePacketListenerImpl/]: NAHU_1234 lost connection: Disconnected
[07Dec2024 00:12:42.742] [Server thread/INFO] [net.minecraft.server.MinecraftServer/]: NAHU_1234 left the game
[07Dec2024 00:12:59.790] [Server thread/INFO] [net.minecraft.server.players.PlayerList/]: NAHU_1234[/127.24.173.83:36611] logged in with entity id 135846 at (200.83896956434086, 35.0, 255.5848585645708)
[07Dec2024 00:12:59.795] [Server thread/INFO] [net.minecraft.server.MinecraftServer/]: NAHU_1234 joined the game
[07Dec2024 00:12:59.822] [Server thread/INFO] [se.mickelus.tetra.data.DataManager/]: Sending data to client: NAHU_1234
[07Dec2024 00:13:40.333] [Server thread/INFO] [net.minecraft.server.MinecraftServer/]: Mirianisabel123 has made the advancement [Surge Protector]
[07Dec2024 00:13:44.874] [Server thread/INFO] [net.minecraft.server.MinecraftServer/]: NAHU_1234 was slain by Zombie
[07Dec2024 00:13:58.254] [Server thread/INFO] [net.minecraft.server.MinecraftServer/]: [Alunnaki: Set own game mode to Creative Mode]
[07Dec2024 00:14:18.034] [Server thread/INFO] [net.minecraft.server.MinecraftServer/]: [Alunnaki: Teleported Alunnaki to 0.500000, 78.116113, 29.834144]
[07Dec2024 00:14:42.441] [Server thread/INFO] [net.minecraft.server.MinecraftServer/]: [Alunnaki: Set own game mode to Survival Mode]
[07Dec2024 00:15:45.425] [Server thread/INFO] [net.minecraft.server.MinecraftServer/]: NAHU_1234 was slain by Zombie
[07Dec2024 00:15:52.476] [Server thread/INFO] [net.minecraft.server.MinecraftServer/]: MauricioX1 was slain by Zombie
[07Dec2024 00:16:11.676] [Server thread/INFO] [net.minecraft.server.MinecraftServer/]: NAHU_1234 was slain by Zombie
[07Dec2024 00:16:20.210] [Server thread/INFO] [net.minecraft.server.MinecraftServer/]: NAHU_1234 was slain by Zombie
[07Dec2024 00:16:24.674] [Server thread/INFO] [net.minecraft.server.MinecraftServer/]: NAHU_1234 has made the advancement [Isn't It Iron Pick]
[07Dec2024 00:16:25.673] [Server thread/INFO] [net.minecraft.server.MinecraftServer/]: NAHU_1234 was slain by Zombie
[07Dec2024 00:16:27.864] [Server thread/INFO] [net.minecraft.server.MinecraftServer/]: ItsGOJIRA has made the advancement [It Belongs in a Museum]
[07Dec2024 00:16:30.824] [Server thread/INFO] [net.minecraft.server.MinecraftServer/]: NAHU_1234 was slain by Zombie
[07Dec2024 00:16:41.646] [Server thread/INFO] [net.minecraft.server.MinecraftServer/]: NAHU_1234 has made the advancement [Cover Me with Diamonds]
[07Dec2024 00:16:59.903] [Server thread/INFO] [net.minecraft.server.MinecraftServer/]: MauricioX1 died
[07Dec2024 00:18:04.277] [Server thread/INFO] [net.minecraft.server.MinecraftServer/]: Alunnaki was slain by Husk
[07Dec2024 00:18:13.245] [Server thread/INFO] [net.minecraft.server.MinecraftServer/]: [Alunnaki: Set own game mode to Creative Mode]
[07Dec2024 00:18:18.052] [Server thread/INFO] [net.minecraft.server.MinecraftServer/]: [Alunnaki: Set own game mode to Spectator Mode]
[07Dec2024 00:18:34.900] [Server thread/INFO] [net.minecraft.server.network.ServerGamePacketListenerImpl/]: NAHU_1234 lost connection: Disconnected
[07Dec2024 00:18:34.900] [Server thread/INFO] [net.minecraft.server.MinecraftServer/]: NAHU_1234 left the game
[07Dec2024 00:18:42.042] [Server thread/INFO] [net.minecraft.server.players.PlayerList/]: NAHU_1234[/127.24.173.83:55009] logged in with entity id 145943 at (181.30000001192093, 45.0, 294.61724425415827)
[07Dec2024 00:18:42.047] [Server thread/INFO] [net.minecraft.server.MinecraftServer/]: NAHU_1234 joined the game
[07Dec2024 00:18:42.068] [Server thread/INFO] [se.mickelus.tetra.data.DataManager/]: Sending data to client: NAHU_1234
[07Dec2024 00:18:43.088] [Server thread/INFO] [net.minecraft.world.entity.npc.Villager/]: Villager Villager['Villager'/144052, l='ServerLevel[world]', x=119.55, y=70.00, z=391.27] died, message: 'Villager hit the ground too hard'
[07Dec2024 00:18:46.927] [Server thread/INFO] [net.minecraft.server.MinecraftServer/]: NAHU_1234 was slain by Zombie
[07Dec2024 00:18:49.633] [Server thread/INFO] [net.minecraft.server.MinecraftServer/]: [Alunnaki: Set own game mode to Creative Mode]
[07Dec2024 00:18:54.425] [Server thread/INFO] [net.minecraft.server.MinecraftServer/]: MauricioX1 was slain by Zombie
[07Dec2024 00:19:03.330] [Server thread/INFO] [net.minecraft.server.MinecraftServer/]: NAHU_1234 was slain by Zombie
[07Dec2024 00:19:17.486] [Server thread/INFO] [net.minecraft.server.MinecraftServer/]: MauricioX1 was slain by Zombie
[07Dec2024 00:19:49.326] [Server thread/INFO] [net.minecraft.server.MinecraftServer/]: ItsGOJIRA was blown up by Creeper
[07Dec2024 00:20:27.538] [Server thread/INFO] [net.minecraft.server.MinecraftServer/]: MauricioX1 was shot by Skeleton
[07Dec2024 00:20:30.455] [Server thread/INFO] [net.minecraft.server.MinecraftServer/]: [Alunnaki: Set own game mode to Survival Mode]
[07Dec2024 00:21:11.644] [Server thread/INFO] [net.minecraft.server.network.ServerGamePacketListenerImpl/]: Mirianisabel123 lost connection: Disconnected
[07Dec2024 00:21:11.645] [Server thread/INFO] [net.minecraft.server.MinecraftServer/]: Mirianisabel123 left the game
[07Dec2024 00:22:03.139] [Server thread/INFO] [net.minecraft.server.players.PlayerList/]: Mirianisabel123[/127.118.237.186:32779] logged in with entity id 149806 at (938.650005751392, 77.0, 56.69516466697929)
[07Dec2024 00:22:03.145] [Server thread/INFO] [net.minecraft.server.MinecraftServer/]: Mirianisabel123 joined the game
[07Dec2024 00:22:03.150] [Server thread/INFO] [se.mickelus.tetra.data.DataManager/]: Sending data to client: Mirianisabel123
[07Dec2024 00:23:07.290] [Server thread/INFO] [net.minecraft.server.MinecraftServer/]: ItsGOJIRA has made the advancement [Howling Blades]
[07Dec2024 00:23:26.940] [Server thread/WARN] [net.minecraft.server.level.ServerPlayerGameMode/]: Mismatch in destroy block pos: BlockPos{x=41, y=27, z=-378} BlockPos{x=42, y=27, z=-378}
[07Dec2024 00:25:51.436] [Server thread/INFO] [net.minecraft.server.MinecraftServer/]: Alunnaki was slain by Husk
[07Dec2024 00:25:58.547] [Server thread/INFO] [net.minecraft.server.MinecraftServer/]: [Alunnaki: Set own game mode to Spectator Mode]
[07Dec2024 00:26:34.896] [Server thread/INFO] [net.minecraft.server.MinecraftServer/]: [Alunnaki: Set own game mode to Creative Mode]
[07Dec2024 00:27:29.093] [Server thread/INFO] [net.minecraft.server.MinecraftServer/]: [Alunnaki: Set own game mode to Survival Mode]
[07Dec2024 00:28:52.860] [Server thread/INFO] [net.minecraft.server.network.ServerGamePacketListenerImpl/]: NAHU_1234 lost connection: Disconnected
[07Dec2024 00:28:52.860] [Server thread/INFO] [net.minecraft.server.MinecraftServer/]: NAHU_1234 left the game
[07Dec2024 00:31:41.852] [Server thread/INFO] [net.minecraft.server.MinecraftServer/]: [Alunnaki: Set own game mode to Spectator Mode]
[07Dec2024 00:31:49.241] [Server thread/INFO] [net.minecraft.server.MinecraftServer/]: [Alunnaki: Teleported Alunnaki to ItsGOJIRA]
[07Dec2024 00:32:17.488] [Server thread/INFO] [net.minecraft.server.MinecraftServer/]: [Alunnaki: Summoned new Man From The Fog]
[07Dec2024 00:32:34.602] [Server thread/INFO] [net.minecraft.server.MinecraftServer/]: [Alunnaki: Summoned new Man From The Fog]
[07Dec2024 00:32:37.156] [Server thread/INFO] [com.teampotato.redirector.Redirector/]: Redirecting net/minecraftforge/event/level/NoteBlockEvent$Note
[07Dec2024 00:32:37.158] [Server thread/INFO] [com.teampotato.redirector.Redirector/]: Redirecting net/minecraftforge/event/level/NoteBlockEvent$Octave
[07Dec2024 00:32:47.183] [Server thread/INFO] [net.minecraft.server.network.ServerGamePacketListenerImpl/]: ItsGOJIRA lost connection: Disconnected
[07Dec2024 00:32:47.183] [Server thread/INFO] [net.minecraft.server.MinecraftServer/]: ItsGOJIRA left the game
[07Dec2024 00:33:13.033] [Server thread/INFO] [net.minecraft.server.MinecraftServer/]: [Alunnaki: Summoned new Man From The Fog]
[07Dec2024 00:33:20.738] [Server thread/INFO] [net.minecraft.server.players.PlayerList/]: ItsGOJIRA[/127.80.199.128:35345] logged in with entity id 163376 at (71.69443119241767, 30.0, -437.5258406717821)
[07Dec2024 00:33:20.744] [Server thread/INFO] [net.minecraft.server.MinecraftServer/]: ItsGOJIRA joined the game
[07Dec2024 00:33:20.766] [Server thread/INFO] [se.mickelus.tetra.data.DataManager/]: Sending data to client: ItsGOJIRA
[07Dec2024 00:33:28.384] [Server thread/INFO] [net.minecraft.server.MinecraftServer/]: [Alunnaki: Summoned new Man From The Fog]
[07Dec2024 00:33:52.184] [Server thread/INFO] [net.minecraft.server.network.ServerGamePacketListenerImpl/]: ItsGOJIRA lost connection: Disconnected
[07Dec2024 00:33:52.185] [Server thread/INFO] [net.minecraft.server.MinecraftServer/]: ItsGOJIRA left the game
[07Dec2024 00:34:27.768] [Server thread/INFO] [net.minecraft.server.MinecraftServer/]: MauricioX1 has made the advancement [Cobweb Entanglement]
[07Dec2024 00:35:16.612] [Server thread/INFO] [net.minecraft.world.entity.npc.Villager/]: Villager Villager['Villager'/164841, l='ServerLevel[world]', x=133.49, y=-256.00, z=101.02] died, message: 'Villager was killed'
[07Dec2024 00:36:27.882] [Server thread/INFO] [com.teampotato.redirector.Redirector/]: Redirecting net/minecraft/world/entity/projectile/FishingHook$FishHookState
[07Dec2024 00:36:32.484] [Server thread/INFO] [net.minecraft.server.MinecraftServer/]: [Alunnaki: Set own game mode to Survival Mode]
[07Dec2024 00:36:48.281] [Server thread/INFO] [com.teampotato.redirector.Redirector/]: Redirecting net/minecraft/world/entity/projectile/FishingHook$OpenWaterType
[07Dec2024 00:36:51.949] [Server thread/INFO] [net.minecraft.server.MinecraftServer/]: Mirianisabel123 has made the advancement [Fishy Business]
[07Dec2024 00:37:58.256] [Server thread/INFO] [net.minecraft.server.players.PlayerList/]: ItsGOJIRA[/127.80.199.128:41883] logged in with entity id 168249 at (52.1695776212499, 30.0, -433.7470260362664)
[07Dec2024 00:37:58.260] [Server thread/INFO] [net.minecraft.server.MinecraftServer/]: ItsGOJIRA joined the game
[07Dec2024 00:37:58.268] [Server thread/INFO] [se.mickelus.tetra.data.DataManager/]: Sending data to client: ItsGOJIRA
[07Dec2024 00:39:05.959] [Server thread/INFO] [net.minecraft.server.MinecraftServer/]: [Alunnaki: Set own game mode to Spectator Mode]
[07Dec2024 00:39:14.898] [Server thread/INFO] [net.minecraft.server.MinecraftServer/]: [Alunnaki: Teleported Alunnaki to ItsGOJIRA]
[07Dec2024 00:39:24.592] [Server thread/INFO] [net.minecraft.server.MinecraftServer/]: [Alunnaki: Summoned new Man From The Fog]
[07Dec2024 00:39:33.887] [Server thread/INFO] [net.minecraft.server.network.ServerGamePacketListenerImpl/]: ItsGOJIRA lost connection: Disconnected
[07Dec2024 00:39:33.887] [Server thread/INFO] [net.minecraft.server.MinecraftServer/]: ItsGOJIRA left the game
[07Dec2024 00:39:36.513] [Server thread/INFO] [net.minecraft.world.entity.npc.Villager/]: Villager Villager['Villager'/168113, l='ServerLevel[world]', x=236.50, y=73.00, z=53.30] died, message: 'Villager was slain by Zombie'
[07Dec2024 00:40:24.841] [Server thread/INFO] [net.minecraft.server.players.PlayerList/]: NAHU_1234[/127.24.173.83:38335] logged in with entity id 171565 at (196.69999998807907, 67.5625, 98.55623238857505)
[07Dec2024 00:40:24.845] [Server thread/INFO] [net.minecraft.server.MinecraftServer/]: NAHU_1234 joined the game
[07Dec2024 00:40:24.867] [Server thread/INFO] [se.mickelus.tetra.data.DataManager/]: Sending data to client: NAHU_1234
[07Dec2024 00:40:30.640] [Server thread/INFO] [net.minecraft.server.MinecraftServer/]: [Alunnaki: Set own game mode to Survival Mode]
[07Dec2024 00:40:32.294] [Server thread/INFO] [net.minecraft.world.entity.npc.Villager/]: Villager Villager['Farmer'/167770, l='ServerLevel[world]', x=195.81, y=67.56, z=98.30] died, message: 'Farmer was slain by NAHU_1234'
[07Dec2024 00:40:32.810] [Server thread/INFO] [net.minecraft.server.players.PlayerList/]: ItsGOJIRA[/127.80.199.128:56777] logged in with entity id 171806 at (41.68679471540376, 30.0, -407.9593186263979)
[07Dec2024 00:40:32.815] [Server thread/INFO] [net.minecraft.server.MinecraftServer/]: ItsGOJIRA joined the game
[07Dec2024 00:40:32.832] [Server thread/INFO] [se.mickelus.tetra.data.DataManager/]: Sending data to client: ItsGOJIRA
[07Dec2024 00:40:37.180] [Server thread/INFO] [net.minecraft.server.MinecraftServer/]: NAHU_1234 was slain by Iron Golem
[07Dec2024 00:40:42.732] [Server thread/INFO] [net.minecraft.server.MinecraftServer/]: NAHU_1234 was slain by Iron Golem
[07Dec2024 00:40:48.945] [Server thread/INFO] [net.minecraft.server.MinecraftServer/]: NAHU_1234 was slain by Iron Golem
[07Dec2024 00:40:55.579] [Server thread/INFO] [net.minecraft.server.MinecraftServer/]: NAHU_1234 was slain by Iron Golem
[07Dec2024 00:41:00.031] [Server thread/INFO] [net.minecraft.server.MinecraftServer/]: NAHU_1234 was slain by Iron Golem
[07Dec2024 00:41:04.528] [Server thread/INFO] [net.minecraft.server.MinecraftServer/]: NAHU_1234 was slain by Iron Golem
[07Dec2024 00:41:10.924] [Server thread/INFO] [net.minecraft.server.MinecraftServer/]: NAHU_1234 was slain by Iron Golem
[07Dec2024 00:41:19.624] [Server thread/INFO] [net.minecraft.server.MinecraftServer/]: NAHU_1234 was slain by Iron Golem
[07Dec2024 00:41:35.944] [Server thread/INFO] [net.minecraft.server.MinecraftServer/]: NAHU_1234 has made the advancement [Acquire Hardware]
[07Dec2024 00:41:57.799] [Server thread/INFO] [net.minecraft.server.MinecraftServer/]: [Alunnaki: Set own game mode to Spectator Mode]
[07Dec2024 00:42:07.239] [Server thread/INFO] [net.minecraft.server.MinecraftServer/]: MauricioX1 died because of Zombie
[07Dec2024 00:42:13.731] [Server thread/INFO] [net.minecraft.server.MinecraftServer/]: NAHU_1234 was slain by Zombie
[07Dec2024 00:42:33.636] [Server thread/INFO] [net.minecraft.server.network.ServerGamePacketListenerImpl/]: NAHU_1234 lost connection: Disconnected
[07Dec2024 00:42:33.637] [Server thread/INFO] [net.minecraft.server.MinecraftServer/]: NAHU_1234 left the game
[07Dec2024 00:42:34.136] [Server thread/INFO] [net.minecraft.server.MinecraftServer/]: [Alunnaki: Set own game mode to Survival Mode]
[07Dec2024 00:42:58.386] [Server thread/INFO] [net.minecraft.server.MinecraftServer/]: [Alunnaki: Set own game mode to Spectator Mode]
[07Dec2024 00:43:04.344] [Server thread/INFO] [net.minecraft.server.MinecraftServer/]: [Alunnaki: Teleported Alunnaki to ItsGOJIRA]
[07Dec2024 00:43:24.956] [Server thread/INFO] [net.minecraft.server.MinecraftServer/]: [Alunnaki: Summoned new Man From The Fog]
[07Dec2024 00:44:01.934] [Server thread/INFO] [net.minecraft.server.network.ServerGamePacketListenerImpl/]: ItsGOJIRA lost connection: Disconnected
[07Dec2024 00:44:01.935] [Server thread/INFO] [net.minecraft.server.MinecraftServer/]: ItsGOJIRA left the game
[07Dec2024 00:44:20.636] [Server thread/INFO] [net.minecraft.server.MinecraftServer/]: [Alunnaki: Set MauricioX1's game mode to Spectator Mode]
[07Dec2024 00:44:29.774] [Server thread/INFO] [net.minecraft.server.MinecraftServer/]: [Alunnaki: Teleported MauricioX1 to Alunnaki]
[07Dec2024 00:44:34.027] [Server thread/INFO] [net.minecraft.server.players.PlayerList/]: ItsGOJIRA[/127.80.199.128:45981] logged in with entity id 176760 at (26.461003379399163, 21.0, -421.5738638915998)
[07Dec2024 00:44:34.031] [Server thread/INFO] [net.minecraft.server.MinecraftServer/]: ItsGOJIRA joined the game
[07Dec2024 00:44:34.049] [Server thread/INFO] [se.mickelus.tetra.data.DataManager/]: Sending data to client: ItsGOJIRA
[07Dec2024 00:44:48.735] [Server thread/INFO] [net.minecraft.server.MinecraftServer/]: [Alunnaki: Summoned new Man From The Fog]
[07Dec2024 00:45:02.028] [Server thread/INFO] [net.minecraft.server.MinecraftServer/]: [Alunnaki: Summoned new Man From The Fog]
[07Dec2024 00:46:22.789] [Server thread/INFO] [net.minecraft.server.players.PlayerList/]: NAHU_1234[/127.24.173.83:52503] logged in with entity id 177988 at (208.7709816679055, 69.0587968405392, 99.69999998807907)
[07Dec2024 00:46:22.795] [Server thread/INFO] [net.minecraft.server.MinecraftServer/]: NAHU_1234 joined the game
[07Dec2024 00:46:22.799] [Server thread/INFO] [se.mickelus.tetra.data.DataManager/]: Sending data to client: NAHU_1234
[07Dec2024 00:46:59.925] [Server thread/INFO] [net.minecraft.server.MinecraftServer/]: NAHU_1234 has made the advancement [Crops of the Wild]
[07Dec2024 00:47:46.722] [Server thread/INFO] [net.minecraft.server.MinecraftServer/]: ItsGOJIRA was slain by Cave Dweller
[07Dec2024 00:49:00.790] [Server thread/INFO] [net.minecraft.server.MinecraftServer/]: [Alunnaki: Teleported Alunnaki to ItsGOJIRA]
[07Dec2024 00:49:07.386] [Server thread/INFO] [net.minecraft.server.MinecraftServer/]: [Alunnaki: Summoned new Man From The Fog]
[07Dec2024 00:49:25.201] [Server thread/INFO] [net.minecraft.server.MinecraftServer/]: [Alunnaki: Summoned new Man From The Fog]
[07Dec2024 00:49:29.896] [Server thread/INFO] [net.minecraft.server.network.ServerGamePacketListenerImpl/]: ItsGOJIRA lost connection: Disconnected
[07Dec2024 00:49:29.897] [Server thread/INFO] [net.minecraft.server.MinecraftServer/]: ItsGOJIRA left the game
[07Dec2024 00:49:41.827] [Server thread/INFO] [net.minecraft.server.network.ServerGamePacketListenerImpl/]: MauricioX1 lost connection: Disconnected
[07Dec2024 00:49:41.827] [Server thread/INFO] [net.minecraft.server.MinecraftServer/]: MauricioX1 left the game
[07Dec2024 00:50:08.382] [Server thread/INFO] [net.minecraft.server.players.PlayerList/]: ItsGOJIRA[/127.80.199.128:34225] logged in with entity id 181876 at (30.40176030865999, 21.0, -406.90898410701675)
[07Dec2024 00:50:08.387] [Server thread/INFO] [net.minecraft.server.MinecraftServer/]: ItsGOJIRA joined the game
[07Dec2024 00:50:08.404] [Server thread/INFO] [se.mickelus.tetra.data.DataManager/]: Sending data to client: ItsGOJIRA
[07Dec2024 00:50:53.636] [Server thread/INFO] [net.minecraft.server.MinecraftServer/]: [Alunnaki: Set own game mode to Survival Mode]
[07Dec2024 00:53:14.876] [Server thread/INFO] [net.minecraft.server.MinecraftServer/]: NAHU_1234 was slain by Iron Golem
[07Dec2024 00:53:32.325] [Server thread/INFO] [net.minecraft.server.MinecraftServer/]: NAHU_1234 was slain by Iron Golem
[07Dec2024 00:53:49.176] [Server thread/INFO] [net.minecraft.server.MinecraftServer/]: NAHU_1234 was slain by Iron Golem
[07Dec2024 00:54:03.929] [Server thread/INFO] [net.minecraft.server.MinecraftServer/]: NAHU_1234 was slain by Iron Golem
[07Dec2024 00:54:38.575] [Server thread/INFO] [net.minecraft.server.MinecraftServer/]: NAHU_1234 was slain by Iron Golem
[07Dec2024 00:56:58.826] [Server thread/INFO] [net.minecraft.world.entity.npc.Villager/]: Villager Villager['Villager'/149960, l='ServerLevel[world]', x=951.78, y=73.00, z=59.53] died, message: 'Villager was slain by Zombie Villager'
[07Dec2024 00:56:59.674] [Server thread/INFO] [net.minecraft.world.entity.npc.Villager/]: Villager Villager['Villager'/185083, l='ServerLevel[world]', x=236.50, y=73.00, z=53.30] died, message: 'Villager was slain by Zombie'
[07Dec2024 00:57:28.565] [Server thread/INFO] [net.minecraft.server.network.ServerGamePacketListenerImpl/]: ItsGOJIRA lost connection: Disconnected
[07Dec2024 00:57:28.565] [Server thread/INFO] [net.minecraft.server.MinecraftServer/]: ItsGOJIRA left the game
[07Dec2024 00:57:48.474] [Server thread/INFO] [net.minecraft.server.MinecraftServer/]: NAHU_1234 has made the advancement [Not Today, Thank You]
[07Dec2024 00:58:09.977] [Server thread/INFO] [com.teampotato.redirector.Redirector/]: Redirecting net/minecraft/world/entity/vehicle/Boat$Status
[07Dec2024 00:58:23.480] [Server thread/INFO] [net.minecraft.server.network.ServerGamePacketListenerImpl/]: Mirianisabel123 lost connection: Disconnected
[07Dec2024 00:58:23.481] [Server thread/INFO] [net.minecraft.server.MinecraftServer/]: Mirianisabel123 left the game
